217
217
218
218
219
209
283
298
297
298
305
308
313
316
316
318
318
317
318
301
281
228
193
202
264
314
312
311
320
303
260
232
254
248
210
209
210
210
210
210
209
210
210
211
212
213
217
215
215
213
211
211
211
212
212
212
213
216
217
219
219
218
218
217
218
219
220
220
219
218
217
217
221
221
219
220
219
219
218
206
295
299
310
313
314
314
314
296
267
249
250
175
165
173
181
191
194
192
187
188
189
190
192
193
192
191
185
188
209
252
288
293
296
305
308
308
306
279
223
182
178
181
184
186
188
200
328
920
1776
1493
1142
1320
1377
1355
1335
1325
1304
1301
1330
1328
1313
1300
1288
1254
1236
1214
1230
1099
750
501
280
210
204
209
214
216
217
216
220
222
221
219
217
218
217
215
216
217
217
217
220
221
222
223
223
223
224
224
224
224
225
224
225
225
222
221
221
220
220
220
220
220
219
219
220
220
220
221
221
223
223
223
223
223
225
226
226
226
226
225
225
226
225
225
226
225
224
221
222
223
223
224
225
224
222
222
221
222
222
223
224
229
229
223
223
223
223
209
214
215
210
217
218
218
210
210
209
209
207
